Using configs in /home/vagrant/.mrjob.conf
Creating temp directory /tmp/awesome-dumplings.vagrant.20170418.151423.833602
Running step 1 of 1...
Removing temp directory /tmp/awesome-dumplings.vagrant.20170418.151423.833602...
Traceback (most recent call last):
  File "awesome-dumplings.py", line 84, in <module>
    MRMostUsedWord.run()    
  File "/opt/conda/lib/python2.7/site-packages/mrjob/job.py", line 439, in run
    mr_job.execute()
  File "/opt/conda/lib/python2.7/site-packages/mrjob/job.py", line 460, in execute
    super(MRJob, self).execute()
  File "/opt/conda/lib/python2.7/site-packages/mrjob/launch.py", line 161, in execute
    self.run_job()
  File "/opt/conda/lib/python2.7/site-packages/mrjob/launch.py", line 231, in run_job
    runner.run()
  File "/opt/conda/lib/python2.7/site-packages/mrjob/runner.py", line 476, in run
    self._run()
  File "/opt/conda/lib/python2.7/site-packages/mrjob/sim.py", line 185, in _run
    self._invoke_step(step_num, 'mapper')
  File "/opt/conda/lib/python2.7/site-packages/mrjob/sim.py", line 272, in _invoke_step
    working_dir, env)
  File "/opt/conda/lib/python2.7/site-packages/mrjob/local.py", line 138, in _run_step
    procs_args, output_path, working_dir, env)
  File "/opt/conda/lib/python2.7/site-packages/mrjob/local.py", line 203, in _invoke_processes
    cwd=working_dir, env=env)
  File "/opt/conda/lib/python2.7/site-packages/mrjob/local.py", line 72, in _chain_procs
    proc = Popen(args, **proc_kwargs)
  File "/opt/conda/lib/python2.7/subprocess.py", line 390, in __init__
    errread, errwrite)
  File "/opt/conda/lib/python2.7/subprocess.py", line 908, in _execute_child
    errpipe_read, errpipe_write = self.pipe_cloexec()
  File "/opt/conda/lib/python2.7/subprocess.py", line 860, in pipe_cloexec
    r, w = os.pipe()
OSError: [Errno 24] Too many open files
